Added Component: Designator=C?(0603_C)
Added Component: Designator=C?(0603_C)
Added Component: Designator=C?(0603_C)
Added Component: Designator=C?(0603_C)
Added Component: Designator=C?(0603_C)
Added Component: Designator=C?(0603_C)
Added Component: Designator=C?(0603_C)
Added Component: Designator=C?(0603_C)
Added Component: Designator=C?(0603_C)
Added Component: Designator=C?(0603_C)
Added Component: Designator=C?(0603_C)
Added Component: Designator=C?(0603_C)
Added Component: Designator=C?(0603_C)
Added Component: Designator=C?(0603_C)
Added Component: Designator=C?(0603_C)
Added Component: Designator=C?(0603_C)
Added Component: Designator=C?(0603_C)
Added Component: Designator=C?(0603_C)
Added Component: Designator=C?(0603_C)
Added Component: Designator=C?(0603_C)
Added Component: Designator=D?(SOD-323)
Added Component: Designator=D?(LED_0805_Blue)
Added Component: Designator=D?(LED_0805_Blue)
Added Component: Designator=J?(USB)
Added Component: Designator=P?(HDR16X1_A)
Added Component: Designator=P?(HDR16X1_A)
Added Component: Designator=P?(HDR4X1_A)
Added Component: Designator=P?(HDR3X2)
Added Component: Designator=Q?(SOT-23)
Added Component: Designator=Q?(SOT-23)
Added Component: Designator=R?(0603_R)
Added Component: Designator=R?(0603_R)
Added Component: Designator=R?(0603_R)
Added Component: Designator=R?(0603_R)
Added Component: Designator=R?(0603_R)
Added Component: Designator=R?(0603_R)
Added Component: Designator=R?(0603_R)
Added Component: Designator=R?(0603_R)
Added Component: Designator=R?(0603_R)
Added Component: Designator=R?(0603_R)
Added Component: Designator=R?(0603_R)
Added Component: Designator=S?(SW_PB2_A1)
Added Component: Designator=U?(SOP-16)
Added Component: Designator=U?(LQFP-48_M)
Added Component: Designator=U?(SOT23-5)
Added Component: Designator=Y?(5032)
Added Component: Designator=Y?(3215)
Added Component: Designator=Y?(5032)
Added Pin To Net: NetName=3V3 Pin=C?-2
Added Pin To Net: NetName=3V3 Pin=C?-2
Added Pin To Net: NetName=3V3 Pin=C?-2
Added Pin To Net: NetName=3V3 Pin=C?-2
Added Pin To Net: NetName=3V3 Pin=C?-2
Added Pin To Net: NetName=3V3 Pin=C?-2
Added Pin To Net: NetName=3V3 Pin=C?-2
Added Pin To Net: NetName=3V3 Pin=C?-2
Added Pin To Net: NetName=3V3 Pin=D?-1
Added Pin To Net: NetName=3V3 Pin=P?-1
Added Pin To Net: NetName=3V3 Pin=P?-1
Added Pin To Net: NetName=3V3 Pin=P?-2
Added Pin To Net: NetName=3V3 Pin=P?-15
Added Pin To Net: NetName=3V3 Pin=Q?-2
Added Pin To Net: NetName=3V3 Pin=R?-1
Added Pin To Net: NetName=3V3 Pin=R?-2
Added Pin To Net: NetName=3V3 Pin=R?-2
Added Pin To Net: NetName=3V3 Pin=R?-2
Added Pin To Net: NetName=3V3 Pin=U?-1
Added Pin To Net: NetName=3V3 Pin=U?-5
Added Pin To Net: NetName=3V3 Pin=U?-9
Added Pin To Net: NetName=3V3 Pin=U?-24
Added Pin To Net: NetName=3V3 Pin=U?-36
Added Pin To Net: NetName=3V3 Pin=U?-48
Added Net: Name=3V3
Added Pin To Net: NetName=5V Pin=C?-1
Added Pin To Net: NetName=5V Pin=C?-2
Added Pin To Net: NetName=5V Pin=C?-2
Added Pin To Net: NetName=5V Pin=J?-1
Added Pin To Net: NetName=5V Pin=P?-15
Added Pin To Net: NetName=5V Pin=U?-1
Added Pin To Net: NetName=5V Pin=U?-3
Added Pin To Net: NetName=5V Pin=U?-16
Added Net: Name=5V
Added Pin To Net: NetName=BOOT0 Pin=R?-1
Added Pin To Net: NetName=BOOT0 Pin=R?-1
Added Pin To Net: NetName=BOOT0 Pin=U?-44
Added Net: Name=BOOT0
Added Pin To Net: NetName=BOOT1 Pin=R?-2
Added Pin To Net: NetName=BOOT1 Pin=U?-20
Added Net: Name=BOOT1
Added Pin To Net: NetName=CLK Pin=P?-3
Added Pin To Net: NetName=CLK Pin=R?-2
Added Pin To Net: NetName=CLK Pin=U?-37
Added Net: Name=CLK
Added Pin To Net: NetName=D+ Pin=J?-3
Added Pin To Net: NetName=D+ Pin=U?-5
Added Net: Name=D+
Added Pin To Net: NetName=D- Pin=J?-2
Added Pin To Net: NetName=D- Pin=U?-6
Added Net: Name=D-
Added Pin To Net: NetName=DIO Pin=P?-2
Added Pin To Net: NetName=DIO Pin=R?-1
Added Pin To Net: NetName=DIO Pin=U?-34
Added Net: Name=DIO
Added Pin To Net: NetName=GND Pin=C?-1
Added Pin To Net: NetName=GND Pin=C?-1
Added Pin To Net: NetName=GND Pin=C?-1
Added Pin To Net: NetName=GND Pin=C?-1
Added Pin To Net: NetName=GND Pin=C?-1
Added Pin To Net: NetName=GND Pin=C?-1
Added Pin To Net: NetName=GND Pin=C?-1
Added Pin To Net: NetName=GND Pin=C?-1
Added Pin To Net: NetName=GND Pin=C?-1
Added Pin To Net: NetName=GND Pin=C?-1
Added Pin To Net: NetName=GND Pin=C?-1
Added Pin To Net: NetName=GND Pin=C?-1
Added Pin To Net: NetName=GND Pin=C?-1
Added Pin To Net: NetName=GND Pin=C?-2
Added Pin To Net: NetName=GND Pin=C?-2
Added Pin To Net: NetName=GND Pin=C?-2
Added Pin To Net: NetName=GND Pin=C?-2
Added Pin To Net: NetName=GND Pin=C?-2
Added Pin To Net: NetName=GND Pin=C?-2
Added Pin To Net: NetName=GND Pin=D?-2
Added Pin To Net: NetName=GND Pin=J?-5
Added Pin To Net: NetName=GND Pin=P?-4
Added Pin To Net: NetName=GND Pin=P?-5
Added Pin To Net: NetName=GND Pin=P?-6
Added Pin To Net: NetName=GND Pin=P?-16
Added Pin To Net: NetName=GND Pin=P?-16
Added Pin To Net: NetName=GND Pin=R?-1
Added Pin To Net: NetName=GND Pin=R?-2
Added Pin To Net: NetName=GND Pin=S?-2
Added Pin To Net: NetName=GND Pin=U?-1
Added Pin To Net: NetName=GND Pin=U?-2
Added Pin To Net: NetName=GND Pin=U?-8
Added Pin To Net: NetName=GND Pin=U?-23
Added Pin To Net: NetName=GND Pin=U?-35
Added Pin To Net: NetName=GND Pin=U?-47
Added Net: Name=GND
Added Pin To Net: NetName=NetC?_2 Pin=C?-2
Added Pin To Net: NetName=NetC?_2 Pin=U?-4
Added Net: Name=NetC?_2
Added Pin To Net: NetName=NetD?_1 Pin=D?-1
Added Pin To Net: NetName=NetD?_1 Pin=R?-2
Added Net: Name=NetD?_1
Added Pin To Net: NetName=NetD?_2 Pin=D?-2
Added Pin To Net: NetName=NetD?_2 Pin=Q?-3
Added Pin To Net: NetName=NetD?_2 Pin=R?-1
Added Net: Name=NetD?_2
Added Pin To Net: NetName=NetP?_3 Pin=P?-3
Added Pin To Net: NetName=NetP?_3 Pin=R?-2
Added Net: Name=NetP?_3
Added Pin To Net: NetName=NetP?_4 Pin=P?-4
Added Pin To Net: NetName=NetP?_4 Pin=R?-1
Added Net: Name=NetP?_4
Added Pin To Net: NetName=NetQ?_1 Pin=Q?-1
Added Pin To Net: NetName=NetQ?_1 Pin=R?-1
Added Net: Name=NetQ?_1
Added Pin To Net: NetName=NetQ?_2 Pin=Q?-2
Added Pin To Net: NetName=NetQ?_2 Pin=R?-2
Added Pin To Net: NetName=NetQ?_2 Pin=U?-14
Added Net: Name=NetQ?_2
Added Pin To Net: NetName=NetQ?_3 Pin=Q?-3
Added Pin To Net: NetName=NetQ?_3 Pin=R?-2
Added Net: Name=NetQ?_3
Added Pin To Net: NetName=NetR?_1 Pin=R?-1
Added Pin To Net: NetName=NetR?_1 Pin=U?-13
Added Net: Name=NetR?_1
Added Pin To Net: NetName=NRST Pin=C?-1
Added Pin To Net: NetName=NRST Pin=D?-1
Added Pin To Net: NetName=NRST Pin=R?-1
Added Pin To Net: NetName=NRST Pin=S?-1
Added Pin To Net: NetName=NRST Pin=U?-7
Added Net: Name=NRST
Added Pin To Net: NetName=OSCIN Pin=C?-1
Added Pin To Net: NetName=OSCIN Pin=U?-5
Added Pin To Net: NetName=OSCIN Pin=Y?-1
Added Net: Name=OSCIN
Added Pin To Net: NetName=OSCOUT Pin=C?-1
Added Pin To Net: NetName=OSCOUT Pin=U?-6
Added Pin To Net: NetName=OSCOUT Pin=Y?-2
Added Net: Name=OSCOUT
Added Pin To Net: NetName=PA0 Pin=P?-1
Added Pin To Net: NetName=PA0 Pin=U?-10
Added Net: Name=PA0
Added Pin To Net: NetName=PA1 Pin=P?-2
Added Pin To Net: NetName=PA1 Pin=U?-11
Added Net: Name=PA1
Added Pin To Net: NetName=PA2 Pin=P?-3
Added Pin To Net: NetName=PA2 Pin=U?-12
Added Net: Name=PA2
Added Pin To Net: NetName=PA3 Pin=P?-4
Added Pin To Net: NetName=PA3 Pin=U?-13
Added Net: Name=PA3
Added Pin To Net: NetName=PA4 Pin=P?-5
Added Pin To Net: NetName=PA4 Pin=U?-14
Added Net: Name=PA4
Added Pin To Net: NetName=PA5 Pin=P?-6
Added Pin To Net: NetName=PA5 Pin=U?-15
Added Net: Name=PA5
Added Pin To Net: NetName=PA6 Pin=P?-7
Added Pin To Net: NetName=PA6 Pin=U?-16
Added Net: Name=PA6
Added Pin To Net: NetName=PA7 Pin=P?-8
Added Pin To Net: NetName=PA7 Pin=U?-17
Added Net: Name=PA7
Added Pin To Net: NetName=PA8 Pin=P?-12
Added Pin To Net: NetName=PA8 Pin=U?-29
Added Net: Name=PA8
Added Pin To Net: NetName=PA9 Pin=P?-11
Added Pin To Net: NetName=PA9 Pin=U?-3
Added Pin To Net: NetName=PA9 Pin=U?-30
Added Net: Name=PA9
Added Pin To Net: NetName=PA10 Pin=P?-10
Added Pin To Net: NetName=PA10 Pin=U?-2
Added Pin To Net: NetName=PA10 Pin=U?-31
Added Net: Name=PA10
Added Pin To Net: NetName=PA11 Pin=P?-9
Added Pin To Net: NetName=PA11 Pin=U?-32
Added Net: Name=PA11
Added Pin To Net: NetName=PA12 Pin=P?-8
Added Pin To Net: NetName=PA12 Pin=U?-33
Added Net: Name=PA12
Added Pin To Net: NetName=PB0 Pin=P?-9
Added Pin To Net: NetName=PB0 Pin=U?-18
Added Net: Name=PB0
Added Pin To Net: NetName=PB1 Pin=P?-10
Added Pin To Net: NetName=PB1 Pin=U?-19
Added Net: Name=PB1
Added Pin To Net: NetName=PB3 Pin=P?-7
Added Pin To Net: NetName=PB3 Pin=U?-39
Added Net: Name=PB3
Added Pin To Net: NetName=PB4 Pin=P?-6
Added Pin To Net: NetName=PB4 Pin=U?-40
Added Net: Name=PB4
Added Pin To Net: NetName=PB5 Pin=P?-5
Added Pin To Net: NetName=PB5 Pin=U?-41
Added Net: Name=PB5
Added Pin To Net: NetName=PB6 Pin=P?-4
Added Pin To Net: NetName=PB6 Pin=U?-42
Added Net: Name=PB6
Added Pin To Net: NetName=PB7 Pin=P?-3
Added Pin To Net: NetName=PB7 Pin=U?-43
Added Net: Name=PB7
Added Pin To Net: NetName=PB8 Pin=P?-2
Added Pin To Net: NetName=PB8 Pin=U?-45
Added Net: Name=PB8
Added Pin To Net: NetName=PB9 Pin=P?-1
Added Pin To Net: NetName=PB9 Pin=U?-46
Added Net: Name=PB9
Added Pin To Net: NetName=PB10 Pin=P?-11
Added Pin To Net: NetName=PB10 Pin=U?-21
Added Net: Name=PB10
Added Pin To Net: NetName=PB11 Pin=P?-12
Added Pin To Net: NetName=PB11 Pin=U?-22
Added Net: Name=PB11
Added Pin To Net: NetName=PB12 Pin=P?-13
Added Pin To Net: NetName=PB12 Pin=U?-25
Added Net: Name=PB12
Added Pin To Net: NetName=PB13 Pin=P?-14
Added Pin To Net: NetName=PB13 Pin=U?-26
Added Net: Name=PB13
Added Pin To Net: NetName=PB14 Pin=P?-14
Added Pin To Net: NetName=PB14 Pin=U?-27
Added Net: Name=PB14
Added Pin To Net: NetName=PB15 Pin=P?-13
Added Pin To Net: NetName=PB15 Pin=U?-28
Added Net: Name=PB15
Added Pin To Net: NetName=PC13 Pin=U?-2
Added Net: Name=PC13
Added Pin To Net: NetName=PC14 Pin=C?-1
Added Pin To Net: NetName=PC14 Pin=U?-3
Added Pin To Net: NetName=PC14 Pin=Y?-1
Added Net: Name=PC14
Added Pin To Net: NetName=PC15 Pin=C?-1
Added Pin To Net: NetName=PC15 Pin=U?-4
Added Pin To Net: NetName=PC15 Pin=Y?-2
Added Net: Name=PC15
Added Class: Name=原理图
Added Room: Name=原理图
